<?xml version="1.0" encoding="UTF-8" ?>
<testsuite errors="1" failures="0" hostname="ankit-PC" name="org.demo.utilities.TestLogger" skipped="0" tests="1" time="0.37" timestamp="2020-05-18T14:21:19">
  <properties>
    <property name="file.encoding.pkg" value="sun.io" />
    <property name="env.PROMPT" value="$P$G" />
    <property name="maven.build.testResourceDir" value="./src/test/resources" />
    <property name="java.home" value="C:\Program Files\Java\jdk1.8.0_231\jre" />
    <property name="sonar.projectKey" value="utilities" />
    <property name="org.eclipse.aether:aether-util:jar" value="C:\Users\ankit\.m2\repository\org\eclipse\aether\aether-util\0.9.0.M2\aether-util-0.9.0.M2.jar" />
    <property name="commons-lang:commons-lang:jar" value="C:\Users\ankit\.m2\repository\commons-lang\commons-lang\2.6\commons-lang-2.6.jar" />
    <property name="org.slf4j:slf4j-api:jar" value="C:\Users\ankit\.m2\repository\org\slf4j\slf4j-api\1.7.25\slf4j-api-1.7.25.jar" />
    <property name="java.endorsed.dirs" value="C:\Program Files\Java\jdk1.8.0_231\jre\lib\endorsed" />
    <property name="env.USERNAME" value="ankit" />
    <property name="src.dir" value="./src/main/java" />
    <property name="clover.home.dir" value="C:clover-ant-4.4.1" />
    <property name="org.codehaus.jackson:jackson-core-asl:jar" value="C:\Users\ankit\.m2\repository\org\codehaus\jackson\jackson-core-asl\1.9.4\jackson-core-asl-1.9.4.jar" />
    <property name="sun.os.patch.level" value="Service Pack 1" />
    <property name="java.vendor.url" value="http://java.oracle.com/" />
    <property name="org.sonatype.plexus:plexus-sec-dispatcher:jar" value="C:\Users\ankit\.m2\repository\org\sonatype\plexus\plexus-sec-dispatcher\1.4\plexus-sec-dispatcher-1.4.jar" />
    <property name="org.codehaus.plexus:plexus-utils:jar" value="C:\Users\ankit\.m2\repository\org\codehaus\plexus\plexus-utils\3.0.22\plexus-utils-3.0.22.jar" />
    <property name="env.COMPUTERNAME" value="ANKIT-PC" />
    <property name="env.ProgramFiles(x86)" value="C:\Program Files (x86)" />
    <property name="maven.build.dir" value="./target" />
    <property name="java.version" value="1.8.0_231" />
    <property name="sun.stdout.encoding" value="cp437" />
    <property name="clover.db" value="E:\Edureka\Jenkins assesment\demojar_project\demojar-master\demojar-master\db\clover.db" />
    <property name="java.vendor.url.bug" value="http://bugreport.sun.com/bugreport/" />
    <property name="env.USERPROFILE" value="C:\Users\ankit" />
    <property name="ant.project.invoked-targets" value="clover.report" />
    <property name="maven.build.testDir" value="./src/test/java" />
    <property name="env.SystemRoot" value="C:\Windows" />
    <property name="org.codehaus.plexus:plexus-component-annotations:jar" value="C:\Users\ankit\.m2\repository\org\codehaus\plexus\plexus-component-annotations\1.5.5\plexus-component-annotations-1.5.5.jar" />
    <property name="user.name" value="ankit" />
    <property name="javax.activation:activation:jar" value="C:\Users\ankit\.m2\repository\javax\activation\activation\1.1\activation-1.1.jar" />
    <property name="sun.io.unicode.encoding" value="UnicodeLittle" />
    <property name="sun.jnu.encoding" value="Cp1252" />
    <property name="java.runtime.name" value="Java(TM) SE Runtime Environment" />
    <property name="env.LOCALAPPDATA" value="C:\Users\ankit\AppData\Local" />
    <property name="report.cobertura.dir" value="E:\Edureka\Jenkins assesment\demojar_project\demojar-master\demojar-master\cobertura" />
    <property name="sonar.projectName" value="utilities" />
    <property name="env.SONAR_RUNNER_HOME" value="C:\sonarqube-7.1" />
    <property name="java.specification.name" value="Java Platform API Specification" />
    <property name="log4j:log4j:jar" value="C:\Users\ankit\.m2\repository\log4j\log4j\1.2.15\log4j-1.2.15.jar" />
    <property name="user.timezone" value="" />
    <property name="user.script" value="" />
    <property name="path.separator" value=";" />
    <property name="env.PROCESSOR_IDENTIFIER" value="Intel64 Family 6 Model 37 Stepping 5, GenuineIntel" />
    <property name="env._JAVACMD" value="C:\Program Files\Java\jdk1.8.0_231\bin\java.exe" />
    <property name="file.encoding" value="Cp1252" />
    <property name="org.apache.commons:commons-lang3:jar" value="C:\Users\ankit\.m2\repository\org\apache\commons\commons-lang3\3.1\commons-lang3-3.1.jar" />
    <property name="ant.project.default-target" value="zip" />
    <property name="sun.java.command" value="org.apache.tools.ant.taskdefs.optional.junit.JUnitTestRunner org.demo.utilities.TestLogger skipNonTests=false filtertrace=true haltOnError=false haltOnFailure=false formatter=org.apache.tools.ant.taskdefs.optional.junit.SummaryJUnitResultFormatter showoutput=false outputtoformatters=true logfailedtests=true threadid=0 logtestlistenerevents=false formatter=org.apache.tools.ant.taskdefs.optional.junit.XMLJUnitResultFormatter,E:\Edureka\Jenkins assesment\demojar_project\demojar-master\demojar-master\target\test-reports\TEST-org.demo.utilities.TestLogger.xml formatter=org.apache.tools.ant.taskdefs.optional.junit.PlainJUnitResultFormatter crashfile=E:\Edureka\Jenkins assesment\demojar_project\demojar-master\demojar-master\junitvmwatcher2388037710661667027.properties propsfile=E:\Edureka\Jenkins assesment\demojar_project\demojar-master\demojar-master\junit4017049071229947255.properties" />
    <property name="env.NUMBER_OF_PROCESSORS" value="2" />
    <property name="maven.test.reports" value="./target/test-reports" />
    <property name="env.APPDATA" value="C:\Users\ankit\AppData\Roaming" />
    <property name="ant.file" value="E:\Edureka\Jenkins assesment\demojar_project\demojar-master\demojar-master\build.xml" />
    <property name="clover.jarpath" value="C:\apache-ant-1.10.7\lib\clover.jar" />
    <property name="maven.build.srcDir" value="./src/main/java" />
    <property name="commons-codec:commons-codec:jar" value="C:\Users\ankit\.m2\repository\commons-codec\commons-codec\1.2\commons-codec-1.2.jar" />
    <property name="org.codehaus.jackson:jackson-jaxrs:jar" value="C:\Users\ankit\.m2\repository\org\codehaus\jackson\jackson-jaxrs\1.9.4\jackson-jaxrs-1.9.4.jar" />
    <property name="java.io.tmpdir" value="C:\Users\ankit\AppData\Local\Temp\" />
    <property name="env.PMD_HOME" value="C:\pmd-bin-6.20.0" />
    <property name="TODAY" value="May 18 2020" />
    <property name="user.language" value="en" />
    <property name="commons-logging:commons-logging:jar" value="C:\Users\ankit\.m2\repository\commons-logging\commons-logging\1.0.4\commons-logging-1.0.4.jar" />
    <property name="env.SystemDrive" value="C:" />
    <property name="line.separator" value="&#xd;&#xa;" />
    <property name="maven.repo.local" value="e:/repos" />
    <property name="project.build.directory" value="${maven.build.dir}" />
    <property name="sonar.host.url" value="${env.SONAR_URL}" />
    <property name="ant.file.type" value="file" />
    <property name="MYTIME" value="20200518195042" />
    <property name="ant.file.type.utilities" value="file" />
    <property name="java.vm.info" value="mixed mode" />
    <property name="sun.desktop" value="windows" />
    <property name="java.vm.specification.name" value="Java Virtual Machine Specification" />
    <property name="javax.mail:mail:jar" value="C:\Users\ankit\.m2\repository\javax\mail\mail\1.4\mail-1.4.jar" />
    <property name="sonar.jdbc.password" value="${env.SONAR_DBPASSWORD}" />
    <property name="commons-httpclient:commons-httpclient:jar" value="C:\Users\ankit\.m2\repository\commons-httpclient\commons-httpclient\3.1\commons-httpclient-3.1.jar" />
    <property name="env.PATHEXT" value=".COM;.EXE;.BAT;.CMD;.VBS;.VBE;.JS;.JSE;.WSF;.WSH;.MSC" />
    <property name="com.google.guava:guava:jar" value="C:\Users\ankit\.m2\repository\com\google\guava\guava\18.0\guava-18.0.jar" />
    <property name="sonar.projectVersion" value="1.47.0" />
    <property name="maven.build.testOutputDir" value="./target/test-classes" />
    <property name="project.3rdpartylibdir" value="./lib" />
    <property name="maven.settings.offline" value="false" />
    <property name="env.LOGONSERVER" value="\\ANKIT-PC" />
    <property name="cobertura.ser.file" value="E:\Edureka\Jenkins assesment\demojar_project\demojar-master\demojar-master\cobertura\cobertura.ser" />
    <property name="java.awt.printerjob" value="sun.awt.windows.WPrinterJob" />
    <property name="clover.jar" value="E:\Edureka\Jenkins assesment\demojar_project\demojar-master\demojar-master\CLOVER_HOME\lib\clover.jar" />
    <property name="build.basesrcdir" value="." />
    <property name="env.PUBLIC" value="C:\Users\Public" />
    <property name="ant.version" value="Apache Ant(TM) version 1.10.7 compiled on September 1 2019" />
    <property name="maven.reporting.outputDirectory" value="./reports" />
    <property name="env.USERDOMAIN" value="ankit-PC" />
    <property name="environment.type.default" value="dev" />
    <property name="env.VBOX_MSI_INSTALL_PATH" value="C:\Program Files\Oracle\VirtualBox\" />
    <property name="env.PROCESSOR_LEVEL" value="6" />
    <property name="org.apache.maven.shared:maven-dependency-tree:jar" value="C:\Users\ankit\.m2\repository\org\apache\maven\shared\maven-dependency-tree\2.2\maven-dependency-tree-2.2.jar" />
    <property name="env.windir" value="C:\Windows" />
    <property name="env.CommonProgramFiles(x86)" value="C:\Program Files (x86)\Common Files" />
    <property name="env.CLASSPATH" value="%CLASSPATH%;%JUNIT_JOME%\junit4.10.jar" />
    <property name="os.name" value="Windows 7" />
    <property name="java.specification.vendor" value="Oracle Corporation" />
    <property name="env.TMP" value="C:\Users\ankit\AppData\Local\Temp" />
    <property name="java.vm.name" value="Java HotSpot(TM) 64-Bit Server VM" />
    <property name="env.ProgramData" value="C:\ProgramData" />
    <property name="env.OS" value="Windows_NT" />
    <property name="maven.build.resourceDir" value="./src/main/resources/dev" />
    <property name="java.library.path" value="C:\Program Files\Java\jdk1.8.0_231\jre\bin;C:\Windows\Sun\Java\bin;C:\Windows\system32;C:\Windows;C:\Windows\system32;C:\Windows;C:\Windows\System32\Wbem;C:\Windows\System32\WindowsPowerShell\v1.0\;C:\Program Files\Lenovo\Bluetooth Software\;C:\Program Files\Lenovo\Bluetooth Software\syswow64;C:\Program Files\Git\cmd;C:\Program Files\Java\jdk1.8.0_231\bin;C:\apache-ant-1.10.7\bin;C:\apache-maven-3.6.2-bin\apache-maven-3.6.2\bin;C:\pmd-bin-6.20.0\bin;C:\sonarqube-7.1\bin;C:\clover-ant-4.4.1;;." />
    <property name="env.CLOVER_HOME" value="C:\clover-ant-4.4.1" />
    <property name="ant.java.version" value="1.8" />
    <property name="basedir" value="." />
    <property name="java.class.version" value="52.0" />
    <property name="org.codehaus.jackson:jackson-mapper-asl:jar" value="C:\Users\ankit\.m2\repository\org\codehaus\jackson\jackson-mapper-asl\1.9.4\jackson-mapper-asl-1.9.4.jar" />
    <property name="ant.home" value="C:\apache-ant-1.10.7" />
    <property name="env.Path" value="C:\Windows\system32;C:\Windows;C:\Windows\System32\Wbem;C:\Windows\System32\WindowsPowerShell\v1.0\;C:\Program Files\Lenovo\Bluetooth Software\;C:\Program Files\Lenovo\Bluetooth Software\syswow64;C:\Program Files\Git\cmd;C:\Program Files\Java\jdk1.8.0_231\bin;C:\apache-ant-1.10.7\bin;C:\apache-maven-3.6.2-bin\apache-maven-3.6.2\bin;C:\pmd-bin-6.20.0\bin;C:\sonarqube-7.1\bin;C:\clover-ant-4.4.1;" />
    <property name="sonar.jdbc.url" value="jdbc:mysql://${env.SONAR_DBSERVER}:${env.SONAR_DBPORT}/${env.SONAR_DBNAME}?useUnicode=true&amp;characterEncoding=utf8&amp;rewriteBatchedStatements=true&amp;useConfigs=maxPerformance" />
    <property name="maven.build.finalName" value="utilities-1.47.0" />
    <property name="env.HOMEDRIVE" value="C:" />
    <property name="maven.test.skip" value="false" />
    <property name="sun.boot.library.path" value="C:\Program Files\Java\jdk1.8.0_231\jre\bin" />
    <property name="project.build.sourceEncoding" value="UTF-8" />
    <property name="org.sonatype.plexus:plexus-cipher:jar" value="C:\Users\ankit\.m2\repository\org\sonatype\plexus\plexus-cipher\1.4\plexus-cipher-1.4.jar" />
    <property name="env.PROCESSOR_REVISION" value="2505" />
    <property name="sun.management.compiler" value="HotSpot 64-Bit Tiered Compilers" />
    <property name="java.awt.graphicsenv" value="sun.awt.Win32GraphicsEnvironment" />
    <property name="user.variant" value="" />
    <property name="maven.build.outputDir" value="./target/classes" />
    <property name="ant.project.name" value="utilities" />
    <property name="java.vm.specification.version" value="1.8" />
    <property name="awt.toolkit" value="sun.awt.windows.WToolkit" />
    <property name="env.MAVEN_HOME" value="C:\apache-maven-3.6.2-bin\apache-maven-3.6.2" />
    <property name="sun.cpu.isalist" value="amd64" />
    <property name="sun.stderr.encoding" value="cp437" />
    <property name="java.ext.dirs" value="C:\Program Files\Java\jdk1.8.0_231\jre\lib\ext;C:\Windows\Sun\Java\lib\ext" />
    <property name="actualbuildtype" value="dev" />
    <property name="os.version" value="6.1" />
    <property name="env.ERROR_CODE" value="0" />
    <property name="cobertura.home.dir" value="C:cobertura-2.1.1" />
    <property name="user.home" value="C:\Users\ankit" />
    <property name="org.slf4j:slf4j-log4j12:jar" value="C:\Users\ankit\.m2\repository\org\slf4j\slf4j-log4j12\1.7.25\slf4j-log4j12-1.7.25.jar" />
    <property name="org.hamcrest:hamcrest-core:jar" value="C:\Users\ankit\.m2\repository\org\hamcrest\hamcrest-core\1.3\hamcrest-core-1.3.jar" />
    <property name="com.sun.xml.security:xml-security-impl:jar" value="C:\Users\ankit\.m2\repository\com\sun\xml\security\xml-security-impl\1.0\xml-security-impl-1.0.jar" />
    <property name="java.vm.vendor" value="Oracle Corporation" />
    <property name="env.CommonProgramW6432" value="C:\Program Files\Common Files" />
    <property name="project.build.outputDirectory" value="${maven.build.outputDir}" />
    <property name="env.ProgramW6432" value="C:\Program Files" />
    <property name="env.JAVA_HOME" value="C:\Program Files\Java\jdk1.8.0_231" />
    <property name="ant.file.utilities" value="E:\Edureka\Jenkins assesment\demojar_project\demojar-master\demojar-master\build.xml" />
    <property name="sonar.jdbc.username" value="${env.SONAR_DBUSER}" />
    <property name="user.dir" value="E:\Edureka\Jenkins assesment\demojar_project\demojar-master\demojar-master" />
    <property name="org.sonarsource.scanner.maven:sonar-maven-plugin:pom" value="C:\Users\ankit\.m2\repository\org\sonarsource\scanner\maven\sonar-maven-plugin\3.0.1\sonar-maven-plugin-3.0.1.pom" />
    <property name="env.FP_NO_HOST_CHECK" value="NO" />
    <property name="build.compiler" value="com.atlassian.clover.ant.taskdefs.CloverCompilerAdapter" />
    <property name="env._USE_CLASSPATH" value="yes" />
    <property name="sun.cpu.endian" value="little" />
    <property name="env.ALLUSERSPROFILE" value="C:\ProgramData" />
    <property name="org.json:json:jar" value="C:\Users\ankit\.m2\repository\org\json\json\20140107\json-20140107.jar" />
    <property name="env.PROCESSOR_ARCHITECTURE" value="AMD64" />
    <property name="java.vm.version" value="25.231-b11" />
    <property name="env.HOMEPATH" value="\Users\ankit" />
    <property name="env.=::" value="::\" />
    <property name="java.class.path" value="E:\Edureka\Jenkins assesment\demojar_project\demojar-master\demojar-master\lib\activation-1.1.jar;E:\Edureka\Jenkins assesment\demojar_project\demojar-master\demojar-master\lib\aether-util-0.9.0.M2.jar;E:\Edureka\Jenkins assesment\demojar_project\demojar-master\demojar-master\lib\commons-codec-1.2.jar;E:\Edureka\Jenkins assesment\demojar_project\demojar-master\demojar-master\lib\commons-httpclient-3.1.jar;E:\Edureka\Jenkins assesment\demojar_project\demojar-master\demojar-master\lib\commons-lang-2.6.jar;E:\Edureka\Jenkins assesment\demojar_project\demojar-master\demojar-master\lib\commons-lang3-3.1.jar;E:\Edureka\Jenkins assesment\demojar_project\demojar-master\demojar-master\lib\commons-logging-1.0.4.jar;E:\Edureka\Jenkins assesment\demojar_project\demojar-master\demojar-master\lib\guava-18.0.jar;E:\Edureka\Jenkins assesment\demojar_project\demojar-master\demojar-master\lib\hamcrest-core-1.3.jar;E:\Edureka\Jenkins assesment\demojar_project\demojar-master\demojar-master\lib\jackson-core-asl-1.9.4.jar;E:\Edureka\Jenkins assesment\demojar_project\demojar-master\demojar-master\lib\jackson-jaxrs-1.9.4.jar;E:\Edureka\Jenkins assesment\demojar_project\demojar-master\demojar-master\lib\jackson-mapper-asl-1.9.4.jar;E:\Edureka\Jenkins assesment\demojar_project\demojar-master\demojar-master\lib\json-20140107.jar;E:\Edureka\Jenkins assesment\demojar_project\demojar-master\demojar-master\lib\jsr305-2.0.3.jar;E:\Edureka\Jenkins assesment\demojar_project\demojar-master\demojar-master\lib\junit-4.11.jar;E:\Edureka\Jenkins assesment\demojar_project\demojar-master\demojar-master\lib\log4j-1.2.15.jar;E:\Edureka\Jenkins assesment\demojar_project\demojar-master\demojar-master\lib\mail-1.4.jar;E:\Edureka\Jenkins assesment\demojar_project\demojar-master\demojar-master\lib\maven-dependency-tree-2.2.jar;E:\Edureka\Jenkins assesment\demojar_project\demojar-master\demojar-master\lib\plexus-cipher-1.4.jar;E:\Edureka\Jenkins assesment\demojar_project\demojar-master\demojar-master\lib\plexus-component-annotations-1.5.5.jar;E:\Edureka\Jenkins assesment\demojar_project\demojar-master\demojar-master\lib\plexus-sec-dispatcher-1.4.jar;E:\Edureka\Jenkins assesment\demojar_project\demojar-master\demojar-master\lib\plexus-utils-3.0.22.jar;E:\Edureka\Jenkins assesment\demojar_project\demojar-master\demojar-master\lib\slf4j-api-1.7.25.jar;E:\Edureka\Jenkins assesment\demojar_project\demojar-master\demojar-master\lib\slf4j-log4j12-1.7.25.jar;E:\Edureka\Jenkins assesment\demojar_project\demojar-master\demojar-master\lib\sonar-maven-plugin-3.0.1.pom;E:\Edureka\Jenkins assesment\demojar_project\demojar-master\demojar-master\lib\sonar-runner-api-2.5.1.jar;E:\Edureka\Jenkins assesment\demojar_project\demojar-master\demojar-master\lib\xml-security-impl-1.0.jar;E:\Edureka\Jenkins assesment\demojar_project\demojar-master\demojar-master\target\classes;E:\Edureka\Jenkins assesment\demojar_project\demojar-master\demojar-master\target\test-classes;C:\apache-ant-1.10.7\lib\ant-launcher.jar;C:\apache-ant-1.10.7\lib\ant.jar;C:\apache-ant-1.10.7\lib\ant-junit.jar;C:\apache-ant-1.10.7\lib\ant-junit4.jar" />
    <property name="DSTAMP" value="20200518" />
    <property name="ant.library.dir" value="C:\apache-ant-1.10.7\lib" />
    <property name="os.arch" value="amd64" />
    <property name="maven.build.version" value="V1.0" />
    <property name="actualversion" value="1.47.0" />
    <property name="maven.build.pmddir" value="./src/main" />
    <property name="sun.java.launcher" value="SUN_STANDARD" />
    <property name="env.PHP_FCGI_MAX_REQUESTS" value="0" />
    <property name="env.CommonProgramFiles" value="C:\Program Files\Common Files" />
    <property name="env.ProgramFiles" value="C:\Program Files" />
    <property name="ant.core.lib" value="C:\apache-ant-1.10.7\lib\ant.jar" />
    <property name="java.vm.specification.vendor" value="Oracle Corporation" />
    <property name="org.sonarsource.sonar-runner:sonar-runner-api:jar" value="C:\Users\ankit\.m2\repository\org\sonarsource\sonar-runner\sonar-runner-api\2.5.1\sonar-runner-api-2.5.1.jar" />
    <property name="com.google.code.findbugs:jsr305:jar" value="C:\Users\ankit\.m2\repository\com\google\code\findbugs\jsr305\2.0.3\jsr305-2.0.3.jar" />
    <property name="TSTAMP" value="1950" />
    <property name="file.separator" value="\" />
    <property name="build.version" value="${version}" />
    <property name="junit:junit:jar" value="C:\Users\ankit\.m2\repository\junit\junit\4.11\junit-4.11.jar" />
    <property name="actualbuildname" value="utilities" />
    <property name="java.runtime.version" value="1.8.0_231-b11" />
    <property name="env.ANT_CMD_LINE_ARGS" value=" -buildfile build.xml clover.report" />
    <property name="sun.boot.class.path" value="C:\Program Files\Java\jdk1.8.0_231\jre\lib\resources.jar;C:\Program Files\Java\jdk1.8.0_231\jre\lib\rt.jar;C:\Program Files\Java\jdk1.8.0_231\jre\lib\sunrsasign.jar;C:\Program Files\Java\jdk1.8.0_231\jre\lib\jsse.jar;C:\Program Files\Java\jdk1.8.0_231\jre\lib\jce.jar;C:\Program Files\Java\jdk1.8.0_231\jre\lib\charsets.jar;C:\Program Files\Java\jdk1.8.0_231\jre\lib\jfr.jar;C:\Program Files\Java\jdk1.8.0_231\jre\classes" />
    <property name="env.ComSpec" value="C:\Windows\system32\cmd.exe" />
    <property name="env.TEMP" value="C:\Users\ankit\AppData\Local\Temp" />
    <property name="user.country" value="US" />
    <property name="env.ANT_HOME" value="C:\apache-ant-1.10.7" />
    <property name="maven.settings.interactiveMode" value="false" />
    <property name="env.=E:" value="E:\Edureka\Jenkins assesment\demojar_project\demojar-master\demojar-master" />
    <property name="env.JUNIT_HOME" value="C:\Junit\junit4.10" />
    <property name="java.vendor" value="Oracle Corporation" />
    <property name="env.PSModulePath" value="C:\Windows\system32\WindowsPowerShell\v1.0\Modules\" />
    <property name="sonar.sources" value="./src/main/java" />
    <property name="java.specification.version" value="1.8" />
    <property name="sun.arch.data.model" value="64" />
    <property name="clover.initstring" value="E:\Edureka\Jenkins assesment\demojar_project\demojar-master\demojar-master\db\clover.db" />
    <property name="env.=ExitCode" value="00000000" />
  </properties>
  <testcase classname="org.demo.utilities.TestLogger" name="initializationError" time="0.053">
    <error message="Lcom_atlassian_clover/TestNameSniffer;" type="java.lang.NoClassDefFoundError">java.lang.NoClassDefFoundError: Lcom_atlassian_clover/TestNameSniffer;
	at java.lang.Class.getDeclaredFields0(Native Method)
	at java.lang.Class.privateGetDeclaredFields(Class.java:2583)
	at java.lang.Class.getDeclaredFields(Class.java:1916)
	at java.lang.reflect.Constructor.newInstance(Constructor.java:423)
Caused by: java.lang.ClassNotFoundException: com_atlassian_clover.TestNameSniffer
	at java.net.URLClassLoader.findClass(URLClassLoader.java:382)
	at java.lang.ClassLoader.loadClass(ClassLoader.java:418)
	at sun.misc.Launcher$AppClassLoader.loadClass(Launcher.java:355)
	at java.lang.ClassLoader.loadClass(ClassLoader.java:351)
</error>
  </testcase>
  <system-out><![CDATA[]]></system-out>
  <system-err><![CDATA[]]></system-err>
</testsuite>
